{"level":"info","message":{"method":"GET","timestamp":"2025-01-12T07:31:13.881Z","url":"/api/v1/users"},"timestamp":"2025-01-12T07:31:13.882Z"}
{"level":"info","message":{"method":"POST","timestamp":"2025-01-12T07:32:01.879Z","url":"/api/v1/users"},"timestamp":"2025-01-12T07:32:01.879Z"}
{"level":"info","message":{"method":"GET","timestamp":"2025-01-12T07:36:32.680Z","url":"/api/v1/users"},"timestamp":"2025-01-12T07:36:32.682Z"}
{"level":"info","message":{"method":"GET","timestamp":"2025-01-12T08:15:11.026Z","url":"/api/v1/users"},"timestamp":"2025-01-12T08:15:11.027Z"}
{"level":"info","message":{"method":"GET","timestamp":"2025-01-12T08:15:29.536Z","url":"/api/v1/users"},"timestamp":"2025-01-12T08:15:29.537Z"}
{"level":"info","message":{"method":"GET","timestamp":"2025-01-12T08:41:27.855Z","url":"/api/v1/users"},"timestamp":"2025-01-12T08:41:27.857Z"}
{"level":"info","message":{"method":"GET","timestamp":"2025-01-12T08:41:27.907Z","url":"/api/v1/users"},"timestamp":"2025-01-12T08:41:27.907Z"}
{"level":"info","message":{"method":"GET","timestamp":"2025-01-12T08:44:05.160Z","url":"/api/v1/users"},"timestamp":"2025-01-12T08:44:05.162Z"}
{"level":"info","message":{"method":"GET","timestamp":"2025-01-12T08:44:05.207Z","url":"/api/v1/users"},"timestamp":"2025-01-12T08:44:05.207Z"}
{"level":"info","message":{"method":"GET","timestamp":"2025-01-12T08:45:50.104Z","url":"/api/v1/users"},"timestamp":"2025-01-12T08:45:50.106Z"}
{"level":"info","message":{"method":"GET","timestamp":"2025-01-12T08:45:50.214Z","url":"/api/v1/users"},"timestamp":"2025-01-12T08:45:50.214Z"}
{"level":"info","message":{"method":"GET","timestamp":"2025-01-12T08:46:58.355Z","url":"/api/v1/users"},"timestamp":"2025-01-12T08:46:58.356Z"}
{"level":"info","message":{"method":"GET","timestamp":"2025-01-12T08:47:06.193Z","url":"/api/v1/users"},"timestamp":"2025-01-12T08:47:06.193Z"}
{"level":"info","message":{"method":"GET","timestamp":"2025-01-12T08:47:09.243Z","url":"/api/v1/users"},"timestamp":"2025-01-12T08:47:09.243Z"}
{"level":"info","message":{"method":"GET","timestamp":"2025-01-12T08:47:26.070Z","url":"/api/v1/users"},"timestamp":"2025-01-12T08:47:26.070Z"}
{"level":"info","message":{"method":"GET","timestamp":"2025-01-12T08:47:38.070Z","url":"/api/v1/users"},"timestamp":"2025-01-12T08:47:38.070Z"}
{"level":"info","message":{"method":"GET","timestamp":"2025-01-12T08:47:50.626Z","url":"/api/v1/users"},"timestamp":"2025-01-12T08:47:50.626Z"}
{"level":"info","message":{"method":"GET","timestamp":"2025-01-12T08:50:40.961Z","url":"/api/v1/users"},"timestamp":"2025-01-12T08:50:40.962Z"}
{"level":"info","message":{"method":"GET","timestamp":"2025-01-12T08:50:41.073Z","url":"/api/v1/users"},"timestamp":"2025-01-12T08:50:41.073Z"}
{"level":"info","message":{"method":"GET","timestamp":"2025-01-12T08:51:52.192Z","url":"/api/v1/users"},"timestamp":"2025-01-12T08:51:52.193Z"}
{"level":"info","message":{"method":"GET","timestamp":"2025-01-12T08:52:13.403Z","url":"/api/v1/users"},"timestamp":"2025-01-12T08:52:13.405Z"}
{"level":"info","message":{"method":"GET","timestamp":"2025-01-12T08:52:13.448Z","url":"/api/v1/users"},"timestamp":"2025-01-12T08:52:13.448Z"}
{"level":"info","message":{"method":"GET","timestamp":"2025-01-12T08:52:16.160Z","url":"/api/v1/users"},"timestamp":"2025-01-12T08:52:16.160Z"}
{"level":"info","message":{"method":"GET","timestamp":"2025-01-12T08:59:21.754Z","url":"/api/v1/users"},"timestamp":"2025-01-12T08:59:21.755Z"}
{"level":"info","message":{"method":"GET","timestamp":"2025-01-12T08:59:21.857Z","url":"/api/v1/users"},"timestamp":"2025-01-12T08:59:21.857Z"}
{"level":"info","message":{"method":"GET","timestamp":"2025-01-12T09:00:19.987Z","url":"/api/v1/users"},"timestamp":"2025-01-12T09:00:19.988Z"}
{"level":"info","message":{"method":"GET","timestamp":"2025-01-12T09:00:20.097Z","url":"/api/v1/users"},"timestamp":"2025-01-12T09:00:20.097Z"}
{"level":"info","message":{"method":"GET","timestamp":"2025-01-12T09:00:20.144Z","url":"/api/v1/users"},"timestamp":"2025-01-12T09:00:20.144Z"}
{"level":"info","message":{"method":"GET","timestamp":"2025-01-12T09:01:55.824Z","url":"/api/v1/users"},"timestamp":"2025-01-12T09:01:55.825Z"}
{"level":"info","message":{"method":"GET","timestamp":"2025-01-12T09:01:55.928Z","url":"/api/v1/users"},"timestamp":"2025-01-12T09:01:55.928Z"}
{"level":"info","message":{"method":"GET","timestamp":"2025-01-12T09:01:55.972Z","url":"/api/v1/users"},"timestamp":"2025-01-12T09:01:55.972Z"}
{"level":"info","message":{"method":"GET","timestamp":"2025-01-12T09:10:28.065Z","url":"/api/v1/users"},"timestamp":"2025-01-12T09:10:28.066Z"}
{"level":"info","message":{"method":"GET","timestamp":"2025-01-12T09:10:28.167Z","url":"/api/v1/users"},"timestamp":"2025-01-12T09:10:28.167Z"}
{"level":"info","message":{"method":"GET","timestamp":"2025-01-12T09:10:28.204Z","url":"/api/v1/users/67838704d40d2e0d00c67dc1"},"timestamp":"2025-01-12T09:10:28.204Z"}
{"level":"info","message":{"method":"GET","timestamp":"2025-01-12T09:11:19.324Z","url":"/api/v1/users"},"timestamp":"2025-01-12T09:11:19.325Z"}
{"level":"info","message":{"method":"GET","timestamp":"2025-01-12T09:11:42.139Z","url":"/api/v1/users"},"timestamp":"2025-01-12T09:11:42.140Z"}
{"level":"info","message":{"method":"GET","timestamp":"2025-01-12T09:11:42.241Z","url":"/api/v1/users"},"timestamp":"2025-01-12T09:11:42.241Z"}
{"level":"info","message":{"method":"GET","timestamp":"2025-01-12T09:11:42.279Z","url":"/api/v1/users/6783874e67668b142e8d2a8c"},"timestamp":"2025-01-12T09:11:42.279Z"}
{"level":"info","message":{"method":"GET","timestamp":"2025-01-12T09:12:15.383Z","url":"/api/v1/users"},"timestamp":"2025-01-12T09:12:15.384Z"}
{"level":"info","message":{"method":"GET","timestamp":"2025-01-12T09:12:15.477Z","url":"/api/v1/users/6783876fb82328b437cd59a4"},"timestamp":"2025-01-12T09:12:15.477Z"}
{"level":"info","message":{"method":"GET","timestamp":"2025-01-12T09:17:39.023Z","url":"/api/v1/users"},"timestamp":"2025-01-12T09:17:39.025Z"}
{"level":"info","message":{"method":"GET","timestamp":"2025-01-12T09:17:39.105Z","url":"/api/v1/users"},"timestamp":"2025-01-12T09:17:39.105Z"}
{"level":"info","message":{"method":"GET","timestamp":"2025-01-12T09:17:39.144Z","url":"/api/v1/users/678388b320668a86224347fd"},"timestamp":"2025-01-12T09:17:39.144Z"}
{"level":"info","message":{"method":"GET","timestamp":"2025-01-12T09:17:45.628Z","url":"/api/v1/users"},"timestamp":"2025-01-12T09:17:45.629Z"}
{"level":"info","message":{"method":"GET","timestamp":"2025-01-12T09:17:45.714Z","url":"/api/v1/users"},"timestamp":"2025-01-12T09:17:45.714Z"}
{"level":"info","message":{"method":"GET","timestamp":"2025-01-12T09:17:45.754Z","url":"/api/v1/users/678388b9bd51b208d482a8e6"},"timestamp":"2025-01-12T09:17:45.754Z"}
{"level":"info","message":{"method":"GET","timestamp":"2025-01-12T09:18:38.211Z","url":"/api/v1/users"},"timestamp":"2025-01-12T09:18:38.213Z"}
{"level":"info","message":{"method":"GET","timestamp":"2025-01-12T09:18:38.299Z","url":"/api/v1/users"},"timestamp":"2025-01-12T09:18:38.299Z"}
{"level":"info","message":{"method":"GET","timestamp":"2025-01-12T09:18:38.339Z","url":"/api/v1/users/678388ee119e22c62c1155e7"},"timestamp":"2025-01-12T09:18:38.339Z"}
{"level":"info","message":{"method":"GET","timestamp":"2025-01-12T09:19:30.446Z","url":"/api/v1/users"},"timestamp":"2025-01-12T09:19:30.448Z"}
{"level":"info","message":{"method":"GET","timestamp":"2025-01-12T09:19:30.527Z","url":"/api/v1/users"},"timestamp":"2025-01-12T09:19:30.527Z"}
{"level":"info","message":{"method":"GET","timestamp":"2025-01-12T09:19:30.565Z","url":"/api/v1/users/67838922fa7feda2ace40081"},"timestamp":"2025-01-12T09:19:30.565Z"}
{"level":"info","message":{"method":"GET","timestamp":"2025-01-12T09:20:39.317Z","url":"/api/v1/users"},"timestamp":"2025-01-12T09:20:39.319Z"}
{"level":"info","message":{"method":"GET","timestamp":"2025-01-12T09:20:39.396Z","url":"/api/v1/users"},"timestamp":"2025-01-12T09:20:39.396Z"}
{"level":"info","message":{"method":"GET","timestamp":"2025-01-12T09:20:39.435Z","url":"/api/v1/users/678389676497c783ac010ec1"},"timestamp":"2025-01-12T09:20:39.435Z"}
{"level":"info","message":{"method":"GET","timestamp":"2025-01-12T09:21:25.154Z","url":"/api/v1/users"},"timestamp":"2025-01-12T09:21:25.155Z"}
{"level":"info","message":{"method":"GET","timestamp":"2025-01-12T09:21:25.232Z","url":"/api/v1/users"},"timestamp":"2025-01-12T09:21:25.232Z"}
{"level":"info","message":{"method":"GET","timestamp":"2025-01-12T09:21:25.274Z","url":"/api/v1/users/678389952569401b47b27e0a"},"timestamp":"2025-01-12T09:21:25.274Z"}
{"level":"info","message":{"method":"GET","timestamp":"2025-01-12T09:22:06.929Z","url":"/api/v1/users"},"timestamp":"2025-01-12T09:22:06.931Z"}
{"level":"info","message":{"method":"GET","timestamp":"2025-01-12T09:22:07.010Z","url":"/api/v1/users"},"timestamp":"2025-01-12T09:22:07.010Z"}
{"level":"info","message":{"method":"GET","timestamp":"2025-01-12T09:22:07.058Z","url":"/api/v1/users/678389bf0a76853ee9958fbf"},"timestamp":"2025-01-12T09:22:07.058Z"}
{"level":"info","message":{"method":"GET","timestamp":"2025-01-12T09:23:57.541Z","url":"/api/v1/users"},"timestamp":"2025-01-12T09:23:57.542Z"}
{"level":"info","message":{"method":"GET","timestamp":"2025-01-12T09:23:57.620Z","url":"/api/v1/users"},"timestamp":"2025-01-12T09:23:57.620Z"}
{"level":"info","message":{"method":"GET","timestamp":"2025-01-12T09:23:57.669Z","url":"/api/v1/users/67838a2d9ceb537db60e04c7"},"timestamp":"2025-01-12T09:23:57.669Z"}
{"level":"info","message":{"method":"PUT","timestamp":"2025-01-12T09:23:57.757Z","url":"/api/v1/users/67838a2d9ceb537db60e04ca"},"timestamp":"2025-01-12T09:23:57.757Z"}
{"level":"info","message":{"method":"GET","timestamp":"2025-01-12T09:24:11.386Z","url":"/api/v1/users"},"timestamp":"2025-01-12T09:24:11.387Z"}
{"level":"info","message":{"method":"GET","timestamp":"2025-01-12T09:24:11.488Z","url":"/api/v1/users"},"timestamp":"2025-01-12T09:24:11.488Z"}
{"level":"info","message":{"method":"GET","timestamp":"2025-01-12T09:24:11.534Z","url":"/api/v1/users/67838a3b63b4a769a2a0d96a"},"timestamp":"2025-01-12T09:24:11.534Z"}
{"level":"info","message":{"method":"PUT","timestamp":"2025-01-12T09:24:11.586Z","url":"/api/v1/users/67838a3b63b4a769a2a0d96d"},"timestamp":"2025-01-12T09:24:11.586Z"}
{"level":"info","message":{"method":"GET","timestamp":"2025-01-12T09:25:16.334Z","url":"/api/v1/users"},"timestamp":"2025-01-12T09:25:16.335Z"}
{"level":"info","message":{"method":"GET","timestamp":"2025-01-12T09:25:16.420Z","url":"/api/v1/users"},"timestamp":"2025-01-12T09:25:16.420Z"}
{"level":"info","message":{"method":"GET","timestamp":"2025-01-12T09:25:16.468Z","url":"/api/v1/users/67838a7c7875d2f7181d3470"},"timestamp":"2025-01-12T09:25:16.468Z"}
{"level":"info","message":{"method":"PUT","timestamp":"2025-01-12T09:25:16.520Z","url":"/api/v1/users/67838a7c7875d2f7181d3473"},"timestamp":"2025-01-12T09:25:16.520Z"}
{"level":"info","message":{"method":"GET","timestamp":"2025-01-12T09:25:41.119Z","url":"/api/v1/users"},"timestamp":"2025-01-12T09:25:41.120Z"}
{"level":"info","message":{"method":"GET","timestamp":"2025-01-12T09:25:41.206Z","url":"/api/v1/users"},"timestamp":"2025-01-12T09:25:41.206Z"}
{"level":"info","message":{"method":"GET","timestamp":"2025-01-12T09:25:41.253Z","url":"/api/v1/users/67838a95fad009ae580269a8"},"timestamp":"2025-01-12T09:25:41.253Z"}
{"level":"info","message":{"method":"PUT","timestamp":"2025-01-12T09:25:41.305Z","url":"/api/v1/users/67838a95fad009ae580269ab"},"timestamp":"2025-01-12T09:25:41.305Z"}
{"level":"info","message":{"method":"GET","timestamp":"2025-01-12T09:25:55.848Z","url":"/api/v1/users"},"timestamp":"2025-01-12T09:25:55.849Z"}
{"level":"info","message":{"method":"GET","timestamp":"2025-01-12T09:25:55.946Z","url":"/api/v1/users"},"timestamp":"2025-01-12T09:25:55.946Z"}
{"level":"info","message":{"method":"GET","timestamp":"2025-01-12T09:25:55.996Z","url":"/api/v1/users/67838aa3b68c21d25ed98db6"},"timestamp":"2025-01-12T09:25:55.996Z"}
{"level":"info","message":{"method":"PUT","timestamp":"2025-01-12T09:25:56.052Z","url":"/api/v1/users/67838aa4b68c21d25ed98db9"},"timestamp":"2025-01-12T09:25:56.052Z"}
{"level":"info","message":{"method":"GET","timestamp":"2025-01-12T09:26:10.468Z","url":"/api/v1/users"},"timestamp":"2025-01-12T09:26:10.469Z"}
{"level":"info","message":{"method":"GET","timestamp":"2025-01-12T09:26:10.546Z","url":"/api/v1/users"},"timestamp":"2025-01-12T09:26:10.546Z"}
{"level":"info","message":{"method":"GET","timestamp":"2025-01-12T09:26:10.594Z","url":"/api/v1/users/67838ab23f324b4a182435c9"},"timestamp":"2025-01-12T09:26:10.594Z"}
{"level":"info","message":{"method":"PUT","timestamp":"2025-01-12T09:26:10.644Z","url":"/api/v1/users/67838ab23f324b4a182435cc"},"timestamp":"2025-01-12T09:26:10.644Z"}
{"level":"info","message":{"method":"GET","timestamp":"2025-01-12T09:26:18.576Z","url":"/api/v1/users"},"timestamp":"2025-01-12T09:26:18.578Z"}
{"level":"info","message":{"method":"GET","timestamp":"2025-01-12T09:26:18.664Z","url":"/api/v1/users"},"timestamp":"2025-01-12T09:26:18.664Z"}
{"level":"info","message":{"method":"GET","timestamp":"2025-01-12T09:26:18.709Z","url":"/api/v1/users/67838abac036acb5c69876b5"},"timestamp":"2025-01-12T09:26:18.709Z"}
{"level":"info","message":{"method":"PUT","timestamp":"2025-01-12T09:26:18.758Z","url":"/api/v1/users/67838abac036acb5c69876b8"},"timestamp":"2025-01-12T09:26:18.758Z"}
{"level":"info","message":{"method":"GET","timestamp":"2025-01-12T09:26:25.506Z","url":"/api/v1/users"},"timestamp":"2025-01-12T09:26:25.507Z"}
{"level":"info","message":{"method":"GET","timestamp":"2025-01-12T09:26:25.597Z","url":"/api/v1/users"},"timestamp":"2025-01-12T09:26:25.597Z"}
{"level":"info","message":{"method":"GET","timestamp":"2025-01-12T09:26:25.642Z","url":"/api/v1/users/67838ac19b207d86f7beb73a"},"timestamp":"2025-01-12T09:26:25.642Z"}
{"level":"info","message":{"method":"PUT","timestamp":"2025-01-12T09:26:25.695Z","url":"/api/v1/users/67838ac19b207d86f7beb73d"},"timestamp":"2025-01-12T09:26:25.695Z"}
{"level":"info","message":{"method":"GET","timestamp":"2025-01-12T09:33:12.603Z","url":"/api/v1/users"},"timestamp":"2025-01-12T09:33:12.604Z"}
{"level":"info","message":{"method":"GET","timestamp":"2025-01-12T09:33:12.691Z","url":"/api/v1/users"},"timestamp":"2025-01-12T09:33:12.691Z"}
{"level":"info","message":{"method":"GET","timestamp":"2025-01-12T09:33:12.735Z","url":"/api/v1/users/67838c58da31274f8ce3f0f9"},"timestamp":"2025-01-12T09:33:12.735Z"}
{"level":"info","message":{"method":"PUT","timestamp":"2025-01-12T09:33:12.784Z","url":"/api/v1/users/67838c58da31274f8ce3f0fc"},"timestamp":"2025-01-12T09:33:12.784Z"}
{"level":"info","message":{"method":"GET","timestamp":"2025-01-12T09:35:03.531Z","url":"/api/v1/users"},"timestamp":"2025-01-12T09:35:03.532Z"}
{"level":"info","message":{"method":"GET","timestamp":"2025-01-12T09:35:03.613Z","url":"/api/v1/users"},"timestamp":"2025-01-12T09:35:03.613Z"}
{"level":"info","message":{"method":"GET","timestamp":"2025-01-12T09:35:03.658Z","url":"/api/v1/users/67838cc75fe9e02dd4c998a6"},"timestamp":"2025-01-12T09:35:03.658Z"}
{"level":"info","message":{"method":"PUT","timestamp":"2025-01-12T09:35:03.709Z","url":"/api/v1/users/67838cc75fe9e02dd4c998a9"},"timestamp":"2025-01-12T09:35:03.709Z"}
{"level":"info","message":{"method":"GET","timestamp":"2025-01-12T09:35:43.488Z","url":"/api/v1/users"},"timestamp":"2025-01-12T09:35:43.490Z"}
{"level":"info","message":{"method":"GET","timestamp":"2025-01-12T09:35:43.567Z","url":"/api/v1/users"},"timestamp":"2025-01-12T09:35:43.567Z"}
{"level":"info","message":{"method":"GET","timestamp":"2025-01-12T09:35:43.614Z","url":"/api/v1/users/67838cefe079cfe6757e838f"},"timestamp":"2025-01-12T09:35:43.614Z"}
{"level":"info","message":{"method":"PUT","timestamp":"2025-01-12T09:35:43.666Z","url":"/api/v1/users/67838cefe079cfe6757e8392"},"timestamp":"2025-01-12T09:35:43.666Z"}
{"level":"info","message":{"method":"GET","timestamp":"2025-01-12T09:36:27.246Z","url":"/api/v1/users"},"timestamp":"2025-01-12T09:36:27.247Z"}
{"level":"info","message":{"method":"GET","timestamp":"2025-01-12T09:36:27.326Z","url":"/api/v1/users"},"timestamp":"2025-01-12T09:36:27.326Z"}
{"level":"info","message":{"method":"GET","timestamp":"2025-01-12T09:36:27.374Z","url":"/api/v1/users/67838d1b514b3dacfa4a749f"},"timestamp":"2025-01-12T09:36:27.374Z"}
{"level":"info","message":{"method":"PUT","timestamp":"2025-01-12T09:36:27.432Z","url":"/api/v1/users/67838d1b514b3dacfa4a74a2"},"timestamp":"2025-01-12T09:36:27.432Z"}
{"level":"info","message":{"method":"GET","timestamp":"2025-01-12T09:39:28.429Z","url":"/api/v1/users"},"timestamp":"2025-01-12T09:39:28.430Z"}
{"level":"info","message":{"method":"GET","timestamp":"2025-01-12T09:39:28.510Z","url":"/api/v1/users"},"timestamp":"2025-01-12T09:39:28.510Z"}
{"level":"info","message":{"method":"GET","timestamp":"2025-01-12T09:39:28.554Z","url":"/api/v1/users/67838dd0abfbdbb7a468ce88"},"timestamp":"2025-01-12T09:39:28.554Z"}
{"level":"info","message":{"method":"PUT","timestamp":"2025-01-12T09:39:28.607Z","url":"/api/v1/users/67838dd0abfbdbb7a468ce8b"},"timestamp":"2025-01-12T09:39:28.607Z"}
{"level":"info","message":{"method":"GET","timestamp":"2025-01-12T09:40:24.570Z","url":"/api/v1/users"},"timestamp":"2025-01-12T09:40:24.571Z"}
{"level":"info","message":{"method":"GET","timestamp":"2025-01-12T09:40:24.653Z","url":"/api/v1/users"},"timestamp":"2025-01-12T09:40:24.653Z"}
{"level":"info","message":{"method":"GET","timestamp":"2025-01-12T09:40:24.702Z","url":"/api/v1/users/67838e08b8c58617370985f1"},"timestamp":"2025-01-12T09:40:24.702Z"}
{"level":"info","message":{"method":"PUT","timestamp":"2025-01-12T09:40:24.759Z","url":"/api/v1/users/67838e08b8c58617370985f4"},"timestamp":"2025-01-12T09:40:24.759Z"}
{"level":"info","message":{"method":"GET","timestamp":"2025-01-12T09:41:10.576Z","url":"/api/v1/users"},"timestamp":"2025-01-12T09:41:10.577Z"}
{"level":"info","message":{"method":"GET","timestamp":"2025-01-12T09:41:10.664Z","url":"/api/v1/users"},"timestamp":"2025-01-12T09:41:10.664Z"}
{"level":"info","message":{"method":"GET","timestamp":"2025-01-12T09:41:10.710Z","url":"/api/v1/users/67838e364027c27611cca8ff"},"timestamp":"2025-01-12T09:41:10.710Z"}
{"level":"info","message":{"method":"PUT","timestamp":"2025-01-12T09:41:10.765Z","url":"/api/v1/users/67838e364027c27611cca902"},"timestamp":"2025-01-12T09:41:10.765Z"}
{"level":"info","message":{"method":"GET","timestamp":"2025-01-12T09:43:08.495Z","url":"/api/v1/users"},"timestamp":"2025-01-12T09:43:08.496Z"}
{"level":"info","message":{"method":"GET","timestamp":"2025-01-12T09:43:08.574Z","url":"/api/v1/users"},"timestamp":"2025-01-12T09:43:08.574Z"}
{"level":"info","message":{"method":"GET","timestamp":"2025-01-12T09:43:08.621Z","url":"/api/v1/users/67838eacaf23b180c0b0ed34"},"timestamp":"2025-01-12T09:43:08.621Z"}
{"level":"info","message":{"method":"GET","timestamp":"2025-01-12T09:43:08.658Z","url":"/api/v1/users/67838eacaf23b180c0b0ed37"},"timestamp":"2025-01-12T09:43:08.658Z"}
{"level":"info","message":{"method":"PUT","timestamp":"2025-01-12T09:43:08.710Z","url":"/api/v1/users/67838eacaf23b180c0b0ed3a"},"timestamp":"2025-01-12T09:43:08.710Z"}
{"level":"info","message":{"method":"GET","timestamp":"2025-01-12T09:43:15.521Z","url":"/api/v1/users"},"timestamp":"2025-01-12T09:43:15.523Z"}
{"level":"info","message":{"method":"GET","timestamp":"2025-01-12T09:43:15.618Z","url":"/api/v1/users"},"timestamp":"2025-01-12T09:43:15.618Z"}
{"level":"info","message":{"method":"GET","timestamp":"2025-01-12T09:43:15.662Z","url":"/api/v1/users/67838eb3e75b68b2f0134d45"},"timestamp":"2025-01-12T09:43:15.662Z"}
{"level":"info","message":{"method":"GET","timestamp":"2025-01-12T09:43:15.700Z","url":"/api/v1/users/67838eb3e75b68b2f0134d48"},"timestamp":"2025-01-12T09:43:15.700Z"}
{"level":"info","message":{"method":"PUT","timestamp":"2025-01-12T09:43:15.753Z","url":"/api/v1/users/67838eb3e75b68b2f0134d4b"},"timestamp":"2025-01-12T09:43:15.753Z"}
{"level":"info","message":{"method":"GET","timestamp":"2025-01-12T09:43:33.909Z","url":"/api/v1/users"},"timestamp":"2025-01-12T09:43:33.911Z"}
{"level":"info","message":{"method":"GET","timestamp":"2025-01-12T09:43:33.990Z","url":"/api/v1/users"},"timestamp":"2025-01-12T09:43:33.990Z"}
{"level":"info","message":{"method":"GET","timestamp":"2025-01-12T09:43:34.040Z","url":"/api/v1/users/67838ec6250da0104edaf285"},"timestamp":"2025-01-12T09:43:34.040Z"}
{"level":"info","message":{"method":"GET","timestamp":"2025-01-12T09:43:34.078Z","url":"/api/v1/users/67838ec6250da0104edaf288"},"timestamp":"2025-01-12T09:43:34.078Z"}
{"level":"info","message":{"method":"PUT","timestamp":"2025-01-12T09:43:34.130Z","url":"/api/v1/users/67838ec6250da0104edaf28b"},"timestamp":"2025-01-12T09:43:34.130Z"}
{"level":"info","message":{"method":"GET","timestamp":"2025-01-12T09:45:22.090Z","url":"/api/v1/users"},"timestamp":"2025-01-12T09:45:22.091Z"}
{"level":"info","message":{"method":"GET","timestamp":"2025-01-12T09:45:22.169Z","url":"/api/v1/users"},"timestamp":"2025-01-12T09:45:22.169Z"}
{"level":"info","message":{"method":"GET","timestamp":"2025-01-12T09:45:22.216Z","url":"/api/v1/users/67838f32a5dcdf5e4f50f425"},"timestamp":"2025-01-12T09:45:22.216Z"}
{"level":"info","message":{"method":"GET","timestamp":"2025-01-12T09:45:22.253Z","url":"/api/v1/users/67838f32a5dcdf5e4f50f428"},"timestamp":"2025-01-12T09:45:22.253Z"}
{"level":"info","message":{"method":"PUT","timestamp":"2025-01-12T09:45:22.319Z","url":"/api/v1/users/67838f32a5dcdf5e4f50f42b"},"timestamp":"2025-01-12T09:45:22.319Z"}
{"level":"info","message":{"method":"GET","timestamp":"2025-01-12T09:46:45.321Z","url":"/api/v1/users"},"timestamp":"2025-01-12T09:46:45.322Z"}
{"level":"info","message":{"method":"GET","timestamp":"2025-01-12T09:46:45.402Z","url":"/api/v1/users"},"timestamp":"2025-01-12T09:46:45.402Z"}
{"level":"info","message":{"method":"GET","timestamp":"2025-01-12T09:46:45.449Z","url":"/api/v1/users/67838f85aff8ba43c34ba19f"},"timestamp":"2025-01-12T09:46:45.449Z"}
{"level":"info","message":{"method":"GET","timestamp":"2025-01-12T09:46:45.487Z","url":"/api/v1/users/67838f85aff8ba43c34ba1a2"},"timestamp":"2025-01-12T09:46:45.487Z"}
{"level":"info","message":{"method":"PUT","timestamp":"2025-01-12T09:46:45.538Z","url":"/api/v1/users/67838f85aff8ba43c34ba1a5"},"timestamp":"2025-01-12T09:46:45.539Z"}
{"level":"info","message":{"method":"GET","timestamp":"2025-01-12T09:52:47.382Z","url":"/api/v1/users"},"timestamp":"2025-01-12T09:52:47.383Z"}
{"level":"info","message":{"method":"GET","timestamp":"2025-01-12T09:52:47.461Z","url":"/api/v1/users"},"timestamp":"2025-01-12T09:52:47.461Z"}
{"level":"info","message":{"method":"GET","timestamp":"2025-01-12T09:52:47.507Z","url":"/api/v1/users/678390ef72ac41a37fa2613f"},"timestamp":"2025-01-12T09:52:47.507Z"}
{"level":"info","message":{"method":"GET","timestamp":"2025-01-12T09:52:47.544Z","url":"/api/v1/users/678390ef72ac41a37fa26142"},"timestamp":"2025-01-12T09:52:47.544Z"}
{"level":"info","message":{"method":"PUT","timestamp":"2025-01-12T09:52:47.596Z","url":"/api/v1/users/678390ef72ac41a37fa26145"},"timestamp":"2025-01-12T09:52:47.596Z"}
{"level":"info","message":{"method":"DELETE","timestamp":"2025-01-12T09:52:47.652Z","url":"/api/v1/users/678390ef72ac41a37fa26148"},"timestamp":"2025-01-12T09:52:47.652Z"}
{"level":"info","message":{"method":"GET","timestamp":"2025-01-12T09:52:54.310Z","url":"/api/v1/users"},"timestamp":"2025-01-12T09:52:54.311Z"}
{"level":"info","message":{"method":"GET","timestamp":"2025-01-12T09:52:54.395Z","url":"/api/v1/users"},"timestamp":"2025-01-12T09:52:54.395Z"}
{"level":"info","message":{"method":"GET","timestamp":"2025-01-12T09:52:54.438Z","url":"/api/v1/users/678390f6326db079e09606a3"},"timestamp":"2025-01-12T09:52:54.438Z"}
{"level":"info","message":{"method":"GET","timestamp":"2025-01-12T09:52:54.474Z","url":"/api/v1/users/678390f6326db079e09606a6"},"timestamp":"2025-01-12T09:52:54.474Z"}
{"level":"info","message":{"method":"PUT","timestamp":"2025-01-12T09:52:54.527Z","url":"/api/v1/users/678390f6326db079e09606a9"},"timestamp":"2025-01-12T09:52:54.527Z"}
{"level":"info","message":{"method":"DELETE","timestamp":"2025-01-12T09:52:54.565Z","url":"/api/v1/users/678390f6326db079e09606ac"},"timestamp":"2025-01-12T09:52:54.565Z"}
{"level":"info","message":{"method":"GET","timestamp":"2025-01-12T10:32:55.952Z","url":"/api/v1/users"},"timestamp":"2025-01-12T10:32:55.954Z"}
{"level":"info","message":{"method":"GET","timestamp":"2025-01-12T10:33:26.828Z","url":"/api/v1/users/66f04cb7-ce74-4117-b83c-94e6761bc0f1"},"timestamp":"2025-01-12T10:33:26.828Z"}
{"level":"info","message":{"method":"GET","timestamp":"2025-01-12T10:33:44.136Z","url":"/api/v1/users/678390f6326db079e09606a6"},"timestamp":"2025-01-12T10:33:44.136Z"}
{"level":"info","message":{"method":"POST","timestamp":"2025-01-12T10:34:24.932Z","url":"/api/v1/users"},"timestamp":"2025-01-12T10:34:24.932Z"}
{"level":"info","message":{"method":"PUT","timestamp":"2025-01-12T10:35:25.045Z","url":"/api/v1/users/67839ab0c1c1abe76a507925"},"timestamp":"2025-01-12T10:35:25.045Z"}
{"level":"info","message":{"method":"DELETE","timestamp":"2025-01-12T10:36:15.237Z","url":"/api/v1/users/678390f6326db079e09606a6"},"timestamp":"2025-01-12T10:36:15.237Z"}
